0 info it worked if it ends with ok
1 verbose cli [ '/usr/bin/node', '/usr/bin/npm', 'i', '-g', 'travis' ]
2 info using npm@3.5.2
3 info using node@v8.10.0
4 silly loadCurrentTree Starting
5 silly install loadCurrentTree
6 silly install readGlobalPackageData
7 silly fetchPackageMetaData travis
8 silly fetchNamedPackageData travis
9 silly mapToRegistry name travis
10 silly mapToRegistry using default registry
11 silly mapToRegistry registry https://registry.npmjs.org/
12 silly mapToRegistry uri https://registry.npmjs.org/travis
13 verbose request uri https://registry.npmjs.org/travis
14 verbose request no auth needed
15 info attempt registry request try #1 at 6:45:02 PM
16 verbose request id a99f9219a45ceeb9
17 http request GET https://registry.npmjs.org/travis
18 http 200 https://registry.npmjs.org/travis
19 verbose headers { date: 'Mon, 10 Sep 2018 13:45:04 GMT',
19 verbose headers   'content-type': 'application/json; charset=UTF-8',
19 verbose headers   'transfer-encoding': 'chunked',
19 verbose headers   connection: 'keep-alive',
19 verbose headers   'set-cookie':
19 verbose headers    [ '__cfduid=d582b5002504d76f4953515d21577463e1536587103; expires=Tue, 10-Sep-19 13:45:03 GMT; path=/; domain=.registry.npmjs.org; HttpOnly' ],
19 verbose headers   'cf-cache-status': 'MISS',
19 verbose headers   'cache-control': 'max-age=300',
19 verbose headers   'cf-ray': '4582553388675cd5-ATH',
19 verbose headers   etag: 'W/"d009e65acec76afe88ee2052c44292ec"',
19 verbose headers   'expect-ct': 'max-age=604800, report-uri="https://report-uri.cloudflare.com/cdn-cgi/beacon/expect-ct"',
19 verbose headers   'last-modified': 'Sun, 27 May 2018 19:51:32 GMT',
19 verbose headers   vary: 'accept-encoding, accept',
19 verbose headers   server: 'cloudflare',
19 verbose headers   'content-encoding': 'gzip' }
20 silly get cb [ 200,
20 silly get   { date: 'Mon, 10 Sep 2018 13:45:04 GMT',
20 silly get     'content-type': 'application/json; charset=UTF-8',
20 silly get     'transfer-encoding': 'chunked',
20 silly get     connection: 'keep-alive',
20 silly get     'set-cookie':
20 silly get      [ '__cfduid=d582b5002504d76f4953515d21577463e1536587103; expires=Tue, 10-Sep-19 13:45:03 GMT; path=/; domain=.registry.npmjs.org; HttpOnly' ],
20 silly get     'cf-cache-status': 'MISS',
20 silly get     'cache-control': 'max-age=300',
20 silly get     'cf-ray': '4582553388675cd5-ATH',
20 silly get     etag: 'W/"d009e65acec76afe88ee2052c44292ec"',
20 silly get     'expect-ct': 'max-age=604800, report-uri="https://report-uri.cloudflare.com/cdn-cgi/beacon/expect-ct"',
20 silly get     'last-modified': 'Sun, 27 May 2018 19:51:32 GMT',
20 silly get     vary: 'accept-encoding, accept',
20 silly get     server: 'cloudflare',
20 silly get     'content-encoding': 'gzip' } ]
21 verbose get saving travis to /home/husnain/.npm/registry.npmjs.org/travis/.cache.json
22 silly install normalizeTree
23 silly loadCurrentTree Finishing
24 silly loadIdealTree Starting
25 silly install loadIdealTree
26 silly cloneCurrentTree Starting
27 silly install cloneCurrentTreeToIdealTree
28 silly cloneCurrentTree Finishing
29 silly loadShrinkwrap Starting
30 silly install loadShrinkwrap
31 silly loadShrinkwrap Finishing
32 silly loadAllDepsIntoIdealTree Starting
33 silly install loadAllDepsIntoIdealTree
34 silly resolveWithNewModule travis@0.1.1 checking installable status
35 silly cache add args [ 'travis', null ]
36 verbose cache add spec travis
37 silly cache add parsed spec Result {
37 silly cache add   raw: 'travis',
37 silly cache add   scope: null,
37 silly cache add   name: 'travis',
37 silly cache add   rawSpec: '',
37 silly cache add   spec: 'latest',
37 silly cache add   type: 'tag' }
38 silly addNamed travis@latest
39 verbose addNamed "latest" is being treated as a dist-tag for travis
40 info addNameTag [ 'travis', 'latest' ]
41 silly mapToRegistry name travis
42 silly mapToRegistry using default registry
43 silly mapToRegistry registry https://registry.npmjs.org/
44 silly mapToRegistry uri https://registry.npmjs.org/travis
45 verbose addNameTag registry:https://registry.npmjs.org/travis not in flight; fetching
46 verbose get https://registry.npmjs.org/travis not expired, no request
47 silly addNameTag next cb for travis with tag latest
48 silly addNamed travis@0.1.1
49 verbose addNamed "0.1.1" is a plain semver version for travis
50 silly mapToRegistry name travis
51 silly mapToRegistry using default registry
52 silly mapToRegistry registry https://registry.npmjs.org/
53 silly mapToRegistry uri https://registry.npmjs.org/travis
54 verbose addRemoteTarball https://registry.npmjs.org/travis/-/travis-0.1.1.tgz not in flight; adding
55 verbose addRemoteTarball [ 'https://registry.npmjs.org/travis/-/travis-0.1.1.tgz',
55 verbose addRemoteTarball   '80fe1c36f6f3b739fce07e6063838ce436357d60' ]
56 info retry fetch attempt 1 at 6:45:04 PM
57 info attempt registry request try #1 at 6:45:04 PM
58 http fetch GET https://registry.npmjs.org/travis/-/travis-0.1.1.tgz
59 http fetch 200 https://registry.npmjs.org/travis/-/travis-0.1.1.tgz
60 silly fetchAndShaCheck shasum 80fe1c36f6f3b739fce07e6063838ce436357d60
61 verbose addTmpTarball /tmp/npm-8481-453d842c/registry.npmjs.org/travis/-/travis-0.1.1.tgz not in flight; adding
62 verbose addTmpTarball already have metadata; skipping unpack for travis@0.1.1
63 silly cache afterAdd travis@0.1.1
64 verbose afterAdd /home/husnain/.npm/travis/0.1.1/package/package.json not in flight; writing
65 verbose afterAdd /home/husnain/.npm/travis/0.1.1/package/package.json written
66 silly loadAllDepsIntoIdealTree Finishing
67 silly idealTree:prePrune lib
67 silly idealTree:prePrune └── travis@0.1.1
68 silly loadIdealTree Finishing
69 silly currentTree lib
70 silly idealTree lib
70 silly idealTree └── travis@0.1.1
71 silly generateActionsToTake Starting
72 silly install generateActionsToTake
73 warn checkPermissions Missing write access to /usr/local/lib/node_modules
74 silly rollbackFailedOptional Starting
75 silly rollbackFailedOptional Finishing
76 silly runTopLevelLifecycles Starting
77 silly runTopLevelLifecycles Finishing
78 silly install printInstalled
79 verbose stack Error: EACCES: permission denied, access '/usr/local/lib/node_modules'
80 verbose cwd /home/husnain/Devops/Trsvis-firease
81 error Linux 4.15.0-33-generic
82 error argv "/usr/bin/node" "/usr/bin/npm" "i" "-g" "travis"
83 error node v8.10.0
84 error npm  v3.5.2
85 error path /usr/local/lib/node_modules
86 error code EACCES
87 error errno -13
88 error syscall access
89 error Error: EACCES: permission denied, access '/usr/local/lib/node_modules'
89 error  { Error: EACCES: permission denied, access '/usr/local/lib/node_modules'
89 error   errno: -13,
89 error   code: 'EACCES',
89 error   syscall: 'access',
89 error   path: '/usr/local/lib/node_modules' }
90 error Please try running this command again as root/Administrator.
91 verbose exit [ -13, true ]
